<?xml version="1.0" encoding="UTF-8"?>
<!-- Generated by org.testng.reporters.JUnitReportReporter -->
<testsuite hostname="DESKTOP-KI1D4Q0" failures="0" tests="1" name="MySeleniumScript.ChromeBrowser" time="66.427" errors="0" timestamp="2022-08-18T09:02:50 IST" skipped="0">
  <testcase classname="MySeleniumScript.ChromeBrowser" name="test1_switchUsingId" time="66.427"/>
  <system-out/>
</testsuite> <!-- MySeleniumScript.ChromeBrowser -->
